<?xml version="1.0" encoding="UTF-8"?>
<testng-results ignored="0" total="1" passed="1" failed="0" skipped="0">
  <reporter-output>
  </reporter-output>
  <suite started-at="2023-09-22T22:44:35 IST" name="Surefire suite" finished-at="2023-09-22T22:45:50 IST" duration-ms="74902">
    <groups>
      <group name="cucumber">
        <method signature="AbstractTestNGCucumberTests.runScenario(io.cucumber.testng.PickleWrapper,io.cucumber.testng.FeatureWrapper)[pri:0, instance:com.sarvatra.test.ehub.CucumberRunner.CucumberRunnerTest@14d3bc22]" name="runScenario" class="io.cucumber.testng.AbstractTestNGCucumberTests"/>
      </group> <!-- cucumber -->
    </groups>
    <test started-at="2023-09-22T22:44:35 IST" name="Surefire test" finished-at="2023-09-22T22:45:50 IST" duration-ms="74902">
      <class name="com.sarvatra.test.ehub.CucumberRunner.CucumberRunnerTest">
        <test-method is-config="true" signature="setUpClass()[pri:0, instance:com.sarvatra.test.ehub.CucumberRunner.CucumberRunnerTest@14d3bc22]" started-at="2023-09-22T22:44:35 IST" name="setUpClass" finished-at="2023-09-22T22:44:36 IST" duration-ms="907" status="PASS">
          <reporter-output>
          </reporter-output>
        </test-method> <!-- setUpClass -->
        <test-method signature="runScenario(io.cucumber.testng.PickleWrapper,io.cucumber.testng.FeatureWrapper)[pri:0, instance:com.sarvatra.test.ehub.CucumberRunner.CucumberRunnerTest@14d3bc22]" started-at="2023-09-22T22:44:36 IST" name="runScenario" description="Runs Cucumber Scenarios" data-provider="scenarios" finished-at="2023-09-22T22:45:48 IST" duration-ms="71852" status="PASS">
          <params>
            <param index="0">
              <value>
                <![CDATA["To check whether the Host admin user can login and see HomePage."]]>
              </value>
            </param>
            <param index="1">
              <value>
                <![CDATA["Optional[Validate the functionality of Home Page for PPI product User]"]]>
              </value>
            </param>
          </params>
          <reporter-output>
          </reporter-output>
        </test-method> <!-- runScenario -->
        <test-method is-config="true" signature="tearDownClass()[pri:0, instance:com.sarvatra.test.ehub.CucumberRunner.CucumberRunnerTest@14d3bc22]" started-at="2023-09-22T22:45:48 IST" name="tearDownClass" finished-at="2023-09-22T22:45:50 IST" duration-ms="2095" status="PASS">
          <reporter-output>
          </reporter-output>
        </test-method> <!-- tearDownClass -->
      </class> <!-- com.sarvatra.test.ehub.CucumberRunner.CucumberRunnerTest -->
    </test> <!-- Surefire test -->
  </suite> <!-- Surefire suite -->
</testng-results>
